<?xml version="1.0" encoding="UTF-8"?>
<testsuite xmlns:xsi="http://www.w3.org/2001/XMLSchema-instance" xsi:noNamespaceSchemaLocation="https://maven.apache.org/surefire/maven-surefire-plugin/xsd/surefire-test-report.xsd" name="test.TouristCellTest" time="0.008" tests="5" errors="0" skipped="0" failures="0">
  <properties>
[...]
</properties>
  <testcase name="testMoveToCenter" classname="test.TouristCellTest" time="0"/>
  <testcase name="testInitialConfiguration" classname="test.TouristCellTest" time="0.001"/>
  <testcase name="testBecomeInactiveWhenBlocked" classname="test.TouristCellTest" time="0"/>
  <testcase name="testMoveToEdgeWhenInactive" classname="test.TouristCellTest" time="0"/>
  <testcase name="testBecomeActiveWhenBlockedToEdge" classname="test.TouristCellTest" time="0"/>
</testsuite>